2021-09-22 09:09:45.083 [background-preinit] INFO  org.hibernate.validator.internal.util.Version - HV000001: Hibernate Validator 6.1.0.Final
2021-09-22 09:09:45.370 [background-preinit] WARN  o.s.h.converter.json.Jackson2ObjectMapperBuilder - For Jackson Kotlin classes support please add "com.fasterxml.jackson.module:jackson-module-kotlin" to the classpath
2021-09-22 09:09:50.149 [main] WARN  org.springframework.boot.StartupInfoLogger - InetAddress.getLocalHost().getHostName() took 5016 milliseconds to respond. Please verify your network configuration (macOS machines may need to add entries to /etc/hosts).
2021-09-22 09:09:55.194 [main] INFO  com.jiuyu.Application - Starting Application on MrchengdeMacBook-Pro.local with PID 833 (/Users/mr.cheng/Desktop/marriage-demo/backend/marriage-demo/target/classes started by mr.cheng in /Users/mr.cheng/Desktop/marriage-demo/backend/marriage-demo)
2021-09-22 09:09:55.204 [main] INFO  com.jiuyu.Application - No active profile set, falling back to default profiles: default
2021-09-22 09:09:55.976 [main] INFO  o.s.d.r.config.RepositoryConfigurationDelegate - Multiple Spring Data modules found, entering strict repository configuration mode!
2021-09-22 09:09:55.980 [main] INFO  o.s.d.r.config.RepositoryConfigurationDelegate - Bootstrapping Spring Data Redis repositories in DEFAULT mode.
2021-09-22 09:09:56.025 [main] INFO  o.s.d.r.config.RepositoryConfigurationDelegate - Finished Spring Data repository scanning in 25ms. Found 0 Redis repository interfaces.
2021-09-22 09:09:56.937 [main] INFO  o.s.boot.web.embedded.tomcat.TomcatWebServer - Tomcat initialized with port(s): 8080 (http)
2021-09-22 09:09:56.952 [main] INFO  org.apache.coyote.http11.Http11NioProtocol - Initializing ProtocolHandler ["http-nio-8080"]
2021-09-22 09:09:56.952 [main] INFO  org.apache.catalina.core.StandardService - Starting service [Tomcat]
2021-09-22 09:09:56.953 [main] INFO  org.apache.catalina.core.StandardEngine - Starting Servlet engine: [Apache Tomcat/9.0.37]
2021-09-22 09:09:57.037 [main] INFO  o.a.c.core.ContainerBase.[Tomcat].[localhost].[/] - Initializing Spring embedded WebApplicationContext
2021-09-22 09:09:57.038 [main] INFO  o.s.b.w.s.c.ServletWebServerApplicationContext - Root WebApplicationContext: initialization completed in 1779 ms
2021-09-22 09:10:18.070 [main] INFO  org.fisco.bcos.sdk.network.ConnectionManager -  all connections, size: 1, list: [ConnectionInfo{host='121.5.145.147', port=20200}]
2021-09-22 09:10:18.109 [main] INFO  org.fisco.bcos.sdk.network.ConnectionManager -  build ECDSA ssl context with configured certificates 
2021-09-22 09:10:24.033 [main] ERROR org.fisco.bcos.sdk.network.ConnectionManager - connect to 121.5.145.147:20200 failed. Connection refused: /121.5.145.147:20200
2021-09-22 09:10:24.039 [main] ERROR org.fisco.bcos.sdk.network.ConnectionManager -  all connections have failed, [{"code":2, "msg":"connect to 121.5.145.147:20200 failed"}] 
2021-09-22 09:10:26.164 [main] INFO  org.fisco.bcos.sdk.network.ConnectionManager - The netty has been stopped
2021-09-22 09:10:26.168 [main] ERROR org.fisco.bcos.sdk.channel.ChannelImp - init channel network error,  Failed to connect to all the nodes! errorMessage: 
connect to 121.5.145.147:20200 failed

[System Information]:
[Java Version] : 1.8.0_301
[OS Name] : Mac OS X
[OS Arch] : x86_64
[OS Version] : 10.16
[Vendor Name] : Oracle Corporation
[Vendor URL] : http://java.oracle.com/
[JVM Version] : 25.301-b09
[JVM Name] : Java HotSpot(TM) 64-Bit Server VM
[JVM Vendor] : Oracle Corporation
[JAVA Library Path] : /Users/mr.cheng/Library/Java/Extensions:/Library/Java/Extensions:/Network/Library/Java/Extensions:/System/Library/Java/Extensions:/usr/lib/java:.
[JDK Disabled NamedCurves] : null
[JDK DisableNative Option] : false
[Support secp256k1] : true
[Support secp256r1] : true
 
2021-09-22 09:10:26.170 [main] WARN  org.fisco.bcos.sdk.channel.ChannelImp - The channel has already been stopped!
2021-09-22 09:10:26.174 [main] ERROR com.jiuyu.config.SdkBeanConfig - create BcosSDK failed, error info: init channel network error:  Failed to connect to all the nodes! errorMessage: 
connect to 121.5.145.147:20200 failed

[System Information]:
[Java Version] : 1.8.0_301
[OS Name] : Mac OS X
[OS Arch] : x86_64
[OS Version] : 10.16
[Vendor Name] : Oracle Corporation
[Vendor URL] : http://java.oracle.com/
[JVM Version] : 25.301-b09
[JVM Name] : Java HotSpot(TM) 64-Bit Server VM
[JVM Vendor] : Oracle Corporation
[JAVA Library Path] : /Users/mr.cheng/Library/Java/Extensions:/Library/Java/Extensions:/Network/Library/Java/Extensions:/System/Library/Java/Extensions:/usr/lib/java:.
[JDK Disabled NamedCurves] : null
[JDK DisableNative Option] : false
[Support secp256k1] : true
[Support secp256r1] : true

2021-09-22 09:10:26.177 [main] INFO  org.fisco.bcos.sdk.network.ConnectionManager -  all connections, size: 1, list: [ConnectionInfo{host='121.5.145.147', port=20200}]
2021-09-22 09:10:26.178 [main] WARN  org.fisco.bcos.sdk.network.NetworkImp - Try to connect node with ECDSA sslContext failed, expected certPath: CryptoMaterialConfig{certPath='config', caCertPath='config/ca.crt', sdkCertPath='config/sdk.crt', sdkPrivateKeyPath='config/sdk.key', enSSLCertPath='null', enSSLPrivateKeyPath='null', sslCryptoType=0}, currentPath: /Users/mr.cheng/Desktop/marriage-demo/backend/marriage-demo
2021-09-22 09:10:26.179 [main] ERROR org.fisco.bcos.sdk.channel.ChannelImp - init channel network error, Not providing all the certificates to connect to the node! Please provide the certificates to connect with the block-chain, expected certPath: [CryptoMaterialConfig{certPath='config', caCertPath='config/gm/gmca.crt', sdkCertPath='config/gm/gmsdk.crt', sdkPrivateKeyPath='config/gm/gmsdk.key', enSSLCertPath='config/gm/gmensdk.crt', enSSLPrivateKeyPath='config/gm/gmensdk.key', sslCryptoType=1}]
[System Information]:
[Java Version] : 1.8.0_301
[OS Name] : Mac OS X
[OS Arch] : x86_64
[OS Version] : 10.16
[Vendor Name] : Oracle Corporation
[Vendor URL] : http://java.oracle.com/
[JVM Version] : 25.301-b09
[JVM Name] : Java HotSpot(TM) 64-Bit Server VM
[JVM Vendor] : Oracle Corporation
[JAVA Library Path] : /Users/mr.cheng/Library/Java/Extensions:/Library/Java/Extensions:/Network/Library/Java/Extensions:/System/Library/Java/Extensions:/usr/lib/java:.
[JDK Disabled NamedCurves] : null
[JDK DisableNative Option] : false
[Support secp256k1] : true
[Support secp256r1] : true
 
2021-09-22 09:10:26.180 [main] WARN  org.fisco.bcos.sdk.channel.ChannelImp - The channel has already been stopped!
2021-09-22 09:10:26.180 [main] ERROR com.jiuyu.config.SdkBeanConfig - create BcosSDK failed, error info: init channel network error: Not providing all the certificates to connect to the node! Please provide the certificates to connect with the block-chain, expected certPath: [CryptoMaterialConfig{certPath='config', caCertPath='config/gm/gmca.crt', sdkCertPath='config/gm/gmsdk.crt', sdkPrivateKeyPath='config/gm/gmsdk.key', enSSLCertPath='config/gm/gmensdk.crt', enSSLPrivateKeyPath='config/gm/gmensdk.key', sslCryptoType=1}]
[System Information]:
[Java Version] : 1.8.0_301
[OS Name] : Mac OS X
[OS Arch] : x86_64
[OS Version] : 10.16
[Vendor Name] : Oracle Corporation
[Vendor URL] : http://java.oracle.com/
[JVM Version] : 25.301-b09
[JVM Name] : Java HotSpot(TM) 64-Bit Server VM
[JVM Vendor] : Oracle Corporation
[JAVA Library Path] : /Users/mr.cheng/Library/Java/Extensions:/Library/Java/Extensions:/Network/Library/Java/Extensions:/System/Library/Java/Extensions:/usr/lib/java:.
[JDK Disabled NamedCurves] : null
[JDK DisableNative Option] : false
[Support secp256k1] : true
[Support secp256r1] : true

2021-09-22 09:10:26.181 [main] INFO  org.fisco.bcos.sdk.network.ConnectionManager -  all connections, size: 1, list: [ConnectionInfo{host='121.5.145.147', port=20200}]
2021-09-22 09:10:26.183 [main] INFO  org.fisco.bcos.sdk.network.ConnectionManager -  build ECDSA ssl context with configured certificates 
2021-09-22 09:10:26.212 [main] ERROR org.fisco.bcos.sdk.network.ConnectionManager - connect to 121.5.145.147:20200 failed. Connection refused: /121.5.145.147:20200
2021-09-22 09:10:26.217 [main] ERROR org.fisco.bcos.sdk.network.ConnectionManager -  all connections have failed, [{"code":2, "msg":"connect to 121.5.145.147:20200 failed"}] 
2021-09-22 09:10:28.309 [main] INFO  org.fisco.bcos.sdk.network.ConnectionManager - The netty has been stopped
2021-09-22 09:10:28.318 [main] ERROR org.fisco.bcos.sdk.channel.ChannelImp - init channel network error,  Failed to connect to all the nodes! errorMessage: 
connect to 121.5.145.147:20200 failed

[System Information]:
[Java Version] : 1.8.0_301
[OS Name] : Mac OS X
[OS Arch] : x86_64
[OS Version] : 10.16
[Vendor Name] : Oracle Corporation
[Vendor URL] : http://java.oracle.com/
[JVM Version] : 25.301-b09
[JVM Name] : Java HotSpot(TM) 64-Bit Server VM
[JVM Vendor] : Oracle Corporation
[JAVA Library Path] : /Users/mr.cheng/Library/Java/Extensions:/Library/Java/Extensions:/Network/Library/Java/Extensions:/System/Library/Java/Extensions:/usr/lib/java:.
[JDK Disabled NamedCurves] : null
[JDK DisableNative Option] : false
[Support secp256k1] : true
[Support secp256r1] : true
 
2021-09-22 09:10:28.320 [main] WARN  org.fisco.bcos.sdk.channel.ChannelImp - The channel has already been stopped!
2021-09-22 09:10:28.322 [main] ERROR com.jiuyu.config.SdkBeanConfig - create BcosSDK failed, error info: init channel network error:  Failed to connect to all the nodes! errorMessage: 
connect to 121.5.145.147:20200 failed

[System Information]:
[Java Version] : 1.8.0_301
[OS Name] : Mac OS X
[OS Arch] : x86_64
[OS Version] : 10.16
[Vendor Name] : Oracle Corporation
[Vendor URL] : http://java.oracle.com/
[JVM Version] : 25.301-b09
[JVM Name] : Java HotSpot(TM) 64-Bit Server VM
[JVM Vendor] : Oracle Corporation
[JAVA Library Path] : /Users/mr.cheng/Library/Java/Extensions:/Library/Java/Extensions:/Network/Library/Java/Extensions:/System/Library/Java/Extensions:/usr/lib/java:.
[JDK Disabled NamedCurves] : null
[JDK DisableNative Option] : false
[Support secp256k1] : true
[Support secp256r1] : true

2021-09-22 09:10:28.330 [main] INFO  org.fisco.bcos.sdk.network.ConnectionManager -  all connections, size: 1, list: [ConnectionInfo{host='121.5.145.147', port=20200}]
2021-09-22 09:10:28.332 [main] WARN  org.fisco.bcos.sdk.network.NetworkImp - Try to connect node with ECDSA sslContext failed, expected certPath: CryptoMaterialConfig{certPath='src/main/resources/config', caCertPath='src/main/resources/config/ca.crt', sdkCertPath='src/main/resources/config/sdk.crt', sdkPrivateKeyPath='src/main/resources/config/sdk.key', enSSLCertPath='null', enSSLPrivateKeyPath='null', sslCryptoType=0}, currentPath: /Users/mr.cheng/Desktop/marriage-demo/backend/marriage-demo
2021-09-22 09:10:28.335 [main] ERROR org.fisco.bcos.sdk.channel.ChannelImp - init channel network error, Not providing all the certificates to connect to the node! Please provide the certificates to connect with the block-chain, expected certPath: [CryptoMaterialConfig{certPath='src/main/resources/config', caCertPath='src/main/resources/config/gm/gmca.crt', sdkCertPath='src/main/resources/config/gm/gmsdk.crt', sdkPrivateKeyPath='src/main/resources/config/gm/gmsdk.key', enSSLCertPath='src/main/resources/config/gm/gmensdk.crt', enSSLPrivateKeyPath='src/main/resources/config/gm/gmensdk.key', sslCryptoType=1}]
[System Information]:
[Java Version] : 1.8.0_301
[OS Name] : Mac OS X
[OS Arch] : x86_64
[OS Version] : 10.16
[Vendor Name] : Oracle Corporation
[Vendor URL] : http://java.oracle.com/
[JVM Version] : 25.301-b09
[JVM Name] : Java HotSpot(TM) 64-Bit Server VM
[JVM Vendor] : Oracle Corporation
[JAVA Library Path] : /Users/mr.cheng/Library/Java/Extensions:/Library/Java/Extensions:/Network/Library/Java/Extensions:/System/Library/Java/Extensions:/usr/lib/java:.
[JDK Disabled NamedCurves] : null
[JDK DisableNative Option] : false
[Support secp256k1] : true
[Support secp256r1] : true
 
2021-09-22 09:10:28.337 [main] WARN  org.fisco.bcos.sdk.channel.ChannelImp - The channel has already been stopped!
2021-09-22 09:10:28.337 [main] ERROR com.jiuyu.config.SdkBeanConfig - create BcosSDK failed, error info: init channel network error: Not providing all the certificates to connect to the node! Please provide the certificates to connect with the block-chain, expected certPath: [CryptoMaterialConfig{certPath='src/main/resources/config', caCertPath='src/main/resources/config/gm/gmca.crt', sdkCertPath='src/main/resources/config/gm/gmsdk.crt', sdkPrivateKeyPath='src/main/resources/config/gm/gmsdk.key', enSSLCertPath='src/main/resources/config/gm/gmensdk.crt', enSSLPrivateKeyPath='src/main/resources/config/gm/gmensdk.key', sslCryptoType=1}]
[System Information]:
[Java Version] : 1.8.0_301
[OS Name] : Mac OS X
[OS Arch] : x86_64
[OS Version] : 10.16
[Vendor Name] : Oracle Corporation
[Vendor URL] : http://java.oracle.com/
[JVM Version] : 25.301-b09
[JVM Name] : Java HotSpot(TM) 64-Bit Server VM
[JVM Vendor] : Oracle Corporation
[JAVA Library Path] : /Users/mr.cheng/Library/Java/Extensions:/Library/Java/Extensions:/Network/Library/Java/Extensions:/System/Library/Java/Extensions:/usr/lib/java:.
[JDK Disabled NamedCurves] : null
[JDK DisableNative Option] : false
[Support secp256k1] : true
[Support secp256r1] : true

2021-09-22 09:10:28.352 [main] WARN  o.s.b.w.s.c.AnnotationConfigServletWebServerApplicationContext - Exception encountered during context initialization - cancelling refresh attempt: org.springframework.beans.factory.UnsatisfiedDependencyException: Error creating bean with name 'marriageEvidenceController': Unsatisfied dependency expressed through field 'marriageEvidenceService'; nested exception is org.springframework.beans.factory.UnsatisfiedDependencyException: Error creating bean with name 'marriageEvidenceService': Unsatisfied dependency expressed through field 'client'; nested exception is org.springframework.beans.factory.BeanCreationException: Error creating bean with name 'client' defined in class path resource [com/jiuyu/config/SdkBeanConfig.class]: Bean instantiation via factory method failed; nested exception is org.springframework.beans.BeanInstantiationException: Failed to instantiate [org.fisco.bcos.sdk.client.Client]: Factory method 'client' threw exception; nested exception is org.fisco.bcos.sdk.config.exceptions.ConfigException: Failed to connect to peers:121.5.145.147:20200
2021-09-22 09:10:28.371 [main] INFO  org.apache.catalina.core.StandardService - Stopping service [Tomcat]
2021-09-22 09:10:28.403 [main] INFO  o.s.b.a.l.ConditionEvaluationReportLoggingListener - 

Error starting ApplicationContext. To display the conditions report re-run your application with 'debug' enabled.
2021-09-22 09:10:28.413 [main] ERROR org.springframework.boot.SpringApplication - Application run failed
org.springframework.beans.factory.UnsatisfiedDependencyException: Error creating bean with name 'marriageEvidenceController': Unsatisfied dependency expressed through field 'marriageEvidenceService'; nested exception is org.springframework.beans.factory.UnsatisfiedDependencyException: Error creating bean with name 'marriageEvidenceService': Unsatisfied dependency expressed through field 'client'; nested exception is org.springframework.beans.factory.BeanCreationException: Error creating bean with name 'client' defined in class path resource [com/jiuyu/config/SdkBeanConfig.class]: Bean instantiation via factory method failed; nested exception is org.springframework.beans.BeanInstantiationException: Failed to instantiate [org.fisco.bcos.sdk.client.Client]: Factory method 'client' threw exception; nested exception is org.fisco.bcos.sdk.config.exceptions.ConfigException: Failed to connect to peers:121.5.145.147:20200
	at org.springframework.beans.factory.annotation.AutowiredAnnotationBeanPostProcessor$AutowiredFieldElement.inject(AutowiredAnnotationBeanPostProcessor.java:643)
	at org.springframework.beans.factory.annotation.InjectionMetadata.inject(InjectionMetadata.java:130)
	at org.springframework.beans.factory.annotation.AutowiredAnnotationBeanPostProcessor.postProcessProperties(AutowiredAnnotationBeanPostProcessor.java:399)
	at org.springframework.beans.factory.support.AbstractAutowireCapableBeanFactory.populateBean(AbstractAutowireCapableBeanFactory.java:1420)
	at org.springframework.beans.factory.support.AbstractAutowireCapableBeanFactory.doCreateBean(AbstractAutowireCapableBeanFactory.java:593)
	at org.springframework.beans.factory.support.AbstractAutowireCapableBeanFactory.createBean(AbstractAutowireCapableBeanFactory.java:516)
	at org.springframework.beans.factory.support.AbstractBeanFactory.lambda$doGetBean$0(AbstractBeanFactory.java:324)
	at org.springframework.beans.factory.support.DefaultSingletonBeanRegistry.getSingleton(DefaultSingletonBeanRegistry.java:226)
	at org.springframework.beans.factory.support.AbstractBeanFactory.doGetBean(AbstractBeanFactory.java:322)
	at org.springframework.beans.factory.support.AbstractBeanFactory.getBean(AbstractBeanFactory.java:202)
	at org.springframework.beans.factory.support.DefaultListableBeanFactory.preInstantiateSingletons(DefaultListableBeanFactory.java:897)
	at org.springframework.context.support.AbstractApplicationContext.finishBeanFactoryInitialization(AbstractApplicationContext.java:879)
	at org.springframework.context.support.AbstractApplicationContext.refresh(AbstractApplicationContext.java:551)
	at org.springframework.boot.web.servlet.context.ServletWebServerApplicationContext.refresh(ServletWebServerApplicationContext.java:143)
	at org.springframework.boot.SpringApplication.refresh(SpringApplication.java:758)
	at org.springframework.boot.SpringApplication.refresh(SpringApplication.java:750)
	at org.springframework.boot.SpringApplication.refreshContext(SpringApplication.java:397)
	at org.springframework.boot.SpringApplication.run(SpringApplication.java:315)
	at org.springframework.boot.SpringApplication.run(SpringApplication.java:1237)
	at org.springframework.boot.SpringApplication.run(SpringApplication.java:1226)
	at com.jiuyu.Application.main(Application.java:19)
Caused by: org.springframework.beans.factory.UnsatisfiedDependencyException: Error creating bean with name 'marriageEvidenceService': Unsatisfied dependency expressed through field 'client'; nested exception is org.springframework.beans.factory.BeanCreationException: Error creating bean with name 'client' defined in class path resource [com/jiuyu/config/SdkBeanConfig.class]: Bean instantiation via factory method failed; nested exception is org.springframework.beans.BeanInstantiationException: Failed to instantiate [org.fisco.bcos.sdk.client.Client]: Factory method 'client' threw exception; nested exception is org.fisco.bcos.sdk.config.exceptions.ConfigException: Failed to connect to peers:121.5.145.147:20200
	at org.springframework.beans.factory.annotation.AutowiredAnnotationBeanPostProcessor$AutowiredFieldElement.inject(AutowiredAnnotationBeanPostProcessor.java:643)
	at org.springframework.beans.factory.annotation.InjectionMetadata.inject(InjectionMetadata.java:130)
	at org.springframework.beans.factory.annotation.AutowiredAnnotationBeanPostProcessor.postProcessProperties(AutowiredAnnotationBeanPostProcessor.java:399)
	at org.springframework.beans.factory.support.AbstractAutowireCapableBeanFactory.populateBean(AbstractAutowireCapableBeanFactory.java:1420)
	at org.springframework.beans.factory.support.AbstractAutowireCapableBeanFactory.doCreateBean(AbstractAutowireCapableBeanFactory.java:593)
	at org.springframework.beans.factory.support.AbstractAutowireCapableBeanFactory.createBean(AbstractAutowireCapableBeanFactory.java:516)
	at org.springframework.beans.factory.support.AbstractBeanFactory.lambda$doGetBean$0(AbstractBeanFactory.java:324)
	at org.springframework.beans.factory.support.DefaultSingletonBeanRegistry.getSingleton(DefaultSingletonBeanRegistry.java:226)
	at org.springframework.beans.factory.support.AbstractBeanFactory.doGetBean(AbstractBeanFactory.java:322)
	at org.springframework.beans.factory.support.AbstractBeanFactory.getBean(AbstractBeanFactory.java:202)
	at org.springframework.beans.factory.config.DependencyDescriptor.resolveCandidate(DependencyDescriptor.java:276)
	at org.springframework.beans.factory.support.DefaultListableBeanFactory.doResolveDependency(DefaultListableBeanFactory.java:1307)
	at org.springframework.beans.factory.support.DefaultListableBeanFactory.resolveDependency(DefaultListableBeanFactory.java:1227)
	at org.springframework.beans.factory.annotation.AutowiredAnnotationBeanPostProcessor$AutowiredFieldElement.inject(AutowiredAnnotationBeanPostProcessor.java:640)
	... 20 common frames omitted
Caused by: org.springframework.beans.factory.BeanCreationException: Error creating bean with name 'client' defined in class path resource [com/jiuyu/config/SdkBeanConfig.class]: Bean instantiation via factory method failed; nested exception is org.springframework.beans.BeanInstantiationException: Failed to instantiate [org.fisco.bcos.sdk.client.Client]: Factory method 'client' threw exception; nested exception is org.fisco.bcos.sdk.config.exceptions.ConfigException: Failed to connect to peers:121.5.145.147:20200
	at org.springframework.beans.factory.support.ConstructorResolver.instantiate(ConstructorResolver.java:655)
	at org.springframework.beans.factory.support.ConstructorResolver.instantiateUsingFactoryMethod(ConstructorResolver.java:483)
	at org.springframework.beans.factory.support.AbstractAutowireCapableBeanFactory.instantiateUsingFactoryMethod(AbstractAutowireCapableBeanFactory.java:1336)
	at org.springframework.beans.factory.support.AbstractAutowireCapableBeanFactory.createBeanInstance(AbstractAutowireCapableBeanFactory.java:1176)
	at org.springframework.beans.factory.support.AbstractAutowireCapableBeanFactory.doCreateBean(AbstractAutowireCapableBeanFactory.java:556)
	at org.springframework.beans.factory.support.AbstractAutowireCapableBeanFactory.createBean(AbstractAutowireCapableBeanFactory.java:516)
	at org.springframework.beans.factory.support.AbstractBeanFactory.lambda$doGetBean$0(AbstractBeanFactory.java:324)
	at org.springframework.beans.factory.support.DefaultSingletonBeanRegistry.getSingleton(DefaultSingletonBeanRegistry.java:226)
	at org.springframework.beans.factory.support.AbstractBeanFactory.doGetBean(AbstractBeanFactory.java:322)
	at org.springframework.beans.factory.support.AbstractBeanFactory.getBean(AbstractBeanFactory.java:202)
	at org.springframework.beans.factory.config.DependencyDescriptor.resolveCandidate(DependencyDescriptor.java:276)
	at org.springframework.beans.factory.support.DefaultListableBeanFactory.doResolveDependency(DefaultListableBeanFactory.java:1307)
	at org.springframework.beans.factory.support.DefaultListableBeanFactory.resolveDependency(DefaultListableBeanFactory.java:1227)
	at org.springframework.beans.factory.annotation.AutowiredAnnotationBeanPostProcessor$AutowiredFieldElement.inject(AutowiredAnnotationBeanPostProcessor.java:640)
	... 33 common frames omitted
Caused by: org.springframework.beans.BeanInstantiationException: Failed to instantiate [org.fisco.bcos.sdk.client.Client]: Factory method 'client' threw exception; nested exception is org.fisco.bcos.sdk.config.exceptions.ConfigException: Failed to connect to peers:121.5.145.147:20200
	at org.springframework.beans.factory.support.SimpleInstantiationStrategy.instantiate(SimpleInstantiationStrategy.java:185)
	at org.springframework.beans.factory.support.ConstructorResolver.instantiate(ConstructorResolver.java:650)
	... 46 common frames omitted
Caused by: org.fisco.bcos.sdk.config.exceptions.ConfigException: Failed to connect to peers:121.5.145.147:20200
	at com.jiuyu.config.SdkBeanConfig.client(SdkBeanConfig.java:53)
	at com.jiuyu.config.SdkBeanConfig$$EnhancerBySpringCGLIB$$6f30424a.CGLIB$client$3(<generated>)
	at com.jiuyu.config.SdkBeanConfig$$EnhancerBySpringCGLIB$$6f30424a$$FastClassBySpringCGLIB$$6ce0c468.invoke(<generated>)
	at org.springframework.cglib.proxy.MethodProxy.invokeSuper(MethodProxy.java:244)
	at org.springframework.context.annotation.ConfigurationClassEnhancer$BeanMethodInterceptor.intercept(ConfigurationClassEnhancer.java:331)
	at com.jiuyu.config.SdkBeanConfig$$EnhancerBySpringCGLIB$$6f30424a.client(<generated>)
	at sun.reflect.NativeMethodAccessorImpl.invoke0(Native Method)
	at sun.reflect.NativeMethodAccessorImpl.invoke(NativeMethodAccessorImpl.java:62)
	at sun.reflect.DelegatingMethodAccessorImpl.invoke(DelegatingMethodAccessorImpl.java:43)
	at java.lang.reflect.Method.invoke(Method.java:498)
	at org.springframework.beans.factory.support.SimpleInstantiationStrategy.instantiate(SimpleInstantiationStrategy.java:154)
	... 47 common frames omitted
2021-09-22 09:13:54.504 [background-preinit] INFO  org.hibernate.validator.internal.util.Version - HV000001: Hibernate Validator 6.1.0.Final
2021-09-22 09:13:54.771 [background-preinit] WARN  o.s.h.converter.json.Jackson2ObjectMapperBuilder - For Jackson Kotlin classes support please add "com.fasterxml.jackson.module:jackson-module-kotlin" to the classpath
2021-09-22 09:13:59.551 [main] WARN  org.springframework.boot.StartupInfoLogger - InetAddress.getLocalHost().getHostName() took 5012 milliseconds to respond. Please verify your network configuration (macOS machines may need to add entries to /etc/hosts).
2021-09-22 09:14:04.601 [main] INFO  com.jiuyu.Application - Starting Application on MrchengdeMacBook-Pro.local with PID 1274 (/Users/mr.cheng/Desktop/marriage-demo/backend/marriage-demo/target/classes started by mr.cheng in /Users/mr.cheng/Desktop/marriage-demo/backend/marriage-demo)
2021-09-22 09:14:04.610 [main] INFO  com.jiuyu.Application - No active profile set, falling back to default profiles: default
2021-09-22 09:14:05.345 [main] INFO  o.s.d.r.config.RepositoryConfigurationDelegate - Multiple Spring Data modules found, entering strict repository configuration mode!
2021-09-22 09:14:05.349 [main] INFO  o.s.d.r.config.RepositoryConfigurationDelegate - Bootstrapping Spring Data Redis repositories in DEFAULT mode.
2021-09-22 09:14:05.382 [main] INFO  o.s.d.r.config.RepositoryConfigurationDelegate - Finished Spring Data repository scanning in 19ms. Found 0 Redis repository interfaces.
2021-09-22 09:14:06.258 [main] INFO  o.s.boot.web.embedded.tomcat.TomcatWebServer - Tomcat initialized with port(s): 8080 (http)
2021-09-22 09:14:06.271 [main] INFO  org.apache.coyote.http11.Http11NioProtocol - Initializing ProtocolHandler ["http-nio-8080"]
2021-09-22 09:14:06.271 [main] INFO  org.apache.catalina.core.StandardService - Starting service [Tomcat]
2021-09-22 09:14:06.272 [main] INFO  org.apache.catalina.core.StandardEngine - Starting Servlet engine: [Apache Tomcat/9.0.37]
2021-09-22 09:14:06.350 [main] INFO  o.a.c.core.ContainerBase.[Tomcat].[localhost].[/] - Initializing Spring embedded WebApplicationContext
2021-09-22 09:14:06.351 [main] INFO  o.s.b.w.s.c.ServletWebServerApplicationContext - Root WebApplicationContext: initialization completed in 1680 ms
2021-09-22 09:14:27.354 [main] INFO  org.fisco.bcos.sdk.network.ConnectionManager -  all connections, size: 1, list: [ConnectionInfo{host='121.5.145.25', port=20200}]
2021-09-22 09:14:27.384 [main] INFO  org.fisco.bcos.sdk.network.ConnectionManager -  build ECDSA ssl context with configured certificates 
2021-09-22 09:14:33.053 [nioEventLoopGroup-2-1] INFO  org.fisco.bcos.sdk.network.ChannelHandler -  handshake success, host: 121.5.145.25, port: 20200, ctx: 892544147
2021-09-22 09:14:33.139 [nioEventLoopGroup-2-1] INFO  org.fisco.bcos.sdk.channel.ChannelImp -  node: ClientVersion{version='2.7.2', supportedVersion='2.7.2', chainId='1', buildTime='20210201 10:03:03', buildType='Linux/clang/Release', gitBranch='HEAD', gitCommitHash='4c8a5bbe44c19db8a002017ff9dbb16d3d28e9da'}, content: {"id":0,"jsonrpc":"2.0","result":{"Build Time":"20210201 10:03:03","Build Type":"Linux/clang/Release","Chain Id":"1","FISCO-BCOS Version":"2.7.2","Git Branch":"HEAD","Git Commit Hash":"4c8a5bbe44c19db8a002017ff9dbb16d3d28e9da","Supported Version":"2.7.2"}}

2021-09-22 09:14:33.141 [nioEventLoopGroup-2-1] INFO  org.fisco.bcos.sdk.channel.ChannelImp -  support channel handshake node
2021-09-22 09:14:33.149 [nioEventLoopGroup-2-1] INFO  org.fisco.bcos.sdk.channel.ChannelImp -  channel protocol handshake success, set socket channel protocol, host: 121.5.145.25:20200, channel protocol: ChannelProtocol [protocol=3, nodeVersion=2.7.2, EnumProtocol=VERSION_3]
2021-09-22 09:14:33.157 [main] INFO  org.fisco.bcos.sdk.channel.ChannelImp -  Connect to  nodes: 121.5.145.25:20200, java version: 1.8.0_301 ,java vendor: Oracle Corporation
2021-09-22 09:14:33.158 [main] INFO  org.fisco.bcos.sdk.BcosSDK - create BcosSDK, start channel success, cryptoType: 0
2021-09-22 09:14:33.165 [main] INFO  org.fisco.bcos.sdk.BcosSDK - create BcosSDK, start channel succ, channelProcessorThreadSize: 8, receiptProcessorThreadSize: 8
2021-09-22 09:14:33.175 [main] INFO  org.fisco.bcos.sdk.service.GroupManagerServiceImpl - registerBlockNumberNotifyHandler
2021-09-22 09:14:33.176 [main] INFO  org.fisco.bcos.sdk.service.GroupManagerServiceImpl - registerTransactionNotifyHandler
2021-09-22 09:14:33.228 [main] INFO  org.fisco.bcos.sdk.BcosSDK - create BcosSDK, create groupManagerService success
2021-09-22 09:14:33.937 [main] INFO  org.fisco.bcos.sdk.amop.AmopImp - update subscribe inform 1 peers
2021-09-22 09:14:33.946 [main] INFO  org.fisco.bcos.sdk.amop.AmopImp - amop module started
2021-09-22 09:14:33.946 [main] INFO  org.fisco.bcos.sdk.amop.AmopImp - update subscribe inform 1 peers
2021-09-22 09:14:33.946 [main] INFO  org.fisco.bcos.sdk.BcosSDK - create BcosSDK, create Amop success
2021-09-22 09:14:33.998 [main] INFO  org.fisco.bcos.sdk.crypto.CryptoSuite - init CryptoSuite, cryptoType: 0
2021-09-22 09:14:34.017 [main] INFO  org.fisco.bcos.sdk.client.Client - build client success for group 1
2021-09-22 09:14:34.017 [main] INFO  org.fisco.bcos.sdk.BcosSDK - create client for group 1 success
2021-09-22 09:14:34.027 [main] INFO  com.jiuyu.config.SdkBeanConfig - Chain connect successful. Current block number 10
2021-09-22 09:14:34.041 [main] INFO  com.jiuyu.config.SdkBeanConfig - is Gm:false, address:0xe321f14ebf24bf74ec74646bc9efaa9e89295599
2021-09-22 09:14:34.478 [main] INFO  o.s.scheduling.concurrent.ThreadPoolTaskExecutor - Initializing ExecutorService 'applicationTaskExecutor'
2021-09-22 09:14:35.107 [main] INFO  org.apache.coyote.http11.Http11NioProtocol - Starting ProtocolHandler ["http-nio-8080"]
2021-09-22 09:14:35.124 [main] INFO  o.s.boot.web.embedded.tomcat.TomcatWebServer - Tomcat started on port(s): 8080 (http) with context path ''
2021-09-22 09:14:35.136 [main] INFO  com.jiuyu.Application - Started Application in 51.332 seconds (JVM running for 56.977)
2021-09-22 09:14:42.888 [SpringContextShutdownHook] INFO  o.s.scheduling.concurrent.ThreadPoolTaskExecutor - Shutting down ExecutorService 'applicationTaskExecutor'
2021-09-22 09:45:18.910 [background-preinit] INFO  org.hibernate.validator.internal.util.Version - HV000001: Hibernate Validator 6.1.0.Final
2021-09-22 09:45:19.182 [background-preinit] WARN  o.s.h.converter.json.Jackson2ObjectMapperBuilder - For Jackson Kotlin classes support please add "com.fasterxml.jackson.module:jackson-module-kotlin" to the classpath
2021-09-22 09:45:23.965 [main] WARN  org.springframework.boot.StartupInfoLogger - InetAddress.getLocalHost().getHostName() took 5016 milliseconds to respond. Please verify your network configuration (macOS machines may need to add entries to /etc/hosts).
2021-09-22 09:45:29.019 [main] INFO  com.jiuyu.Application - Starting Application on MrchengdeMacBook-Pro.local with PID 3004 (/Users/mr.cheng/Desktop/marriage-demo/backend/marriage-demo/target/classes started by mr.cheng in /Users/mr.cheng/Desktop/marriage-demo/backend/marriage-demo)
2021-09-22 09:45:29.029 [main] INFO  com.jiuyu.Application - No active profile set, falling back to default profiles: default
2021-09-22 09:45:29.760 [main] INFO  o.s.d.r.config.RepositoryConfigurationDelegate - Multiple Spring Data modules found, entering strict repository configuration mode!
2021-09-22 09:45:29.763 [main] INFO  o.s.d.r.config.RepositoryConfigurationDelegate - Bootstrapping Spring Data Redis repositories in DEFAULT mode.
2021-09-22 09:45:29.801 [main] INFO  o.s.d.r.config.RepositoryConfigurationDelegate - Finished Spring Data repository scanning in 20ms. Found 0 Redis repository interfaces.
2021-09-22 09:45:30.737 [main] INFO  o.s.boot.web.embedded.tomcat.TomcatWebServer - Tomcat initialized with port(s): 8080 (http)
2021-09-22 09:45:30.751 [main] INFO  org.apache.coyote.http11.Http11NioProtocol - Initializing ProtocolHandler ["http-nio-8080"]
2021-09-22 09:45:30.752 [main] INFO  org.apache.catalina.core.StandardService - Starting service [Tomcat]
2021-09-22 09:45:30.753 [main] INFO  org.apache.catalina.core.StandardEngine - Starting Servlet engine: [Apache Tomcat/9.0.37]
2021-09-22 09:45:30.834 [main] INFO  o.a.c.core.ContainerBase.[Tomcat].[localhost].[/] - Initializing Spring embedded WebApplicationContext
2021-09-22 09:45:30.836 [main] INFO  o.s.b.w.s.c.ServletWebServerApplicationContext - Root WebApplicationContext: initialization completed in 1742 ms
2021-09-22 09:45:51.784 [main] INFO  org.fisco.bcos.sdk.network.ConnectionManager -  all connections, size: 1, list: [ConnectionInfo{host='121.5.145.25', port=20200}]
2021-09-22 09:45:51.816 [main] INFO  org.fisco.bcos.sdk.network.ConnectionManager -  build ECDSA ssl context with configured certificates 
2021-09-22 09:45:57.910 [nioEventLoopGroup-2-1] INFO  org.fisco.bcos.sdk.network.ChannelHandler -  handshake success, host: 121.5.145.25, port: 20200, ctx: 1726434318
2021-09-22 09:45:57.993 [nioEventLoopGroup-2-1] INFO  org.fisco.bcos.sdk.channel.ChannelImp -  node: ClientVersion{version='2.7.2', supportedVersion='2.7.2', chainId='1', buildTime='20210201 10:03:03', buildType='Linux/clang/Release', gitBranch='HEAD', gitCommitHash='4c8a5bbe44c19db8a002017ff9dbb16d3d28e9da'}, content: {"id":0,"jsonrpc":"2.0","result":{"Build Time":"20210201 10:03:03","Build Type":"Linux/clang/Release","Chain Id":"1","FISCO-BCOS Version":"2.7.2","Git Branch":"HEAD","Git Commit Hash":"4c8a5bbe44c19db8a002017ff9dbb16d3d28e9da","Supported Version":"2.7.2"}}

2021-09-22 09:45:57.995 [nioEventLoopGroup-2-1] INFO  org.fisco.bcos.sdk.channel.ChannelImp -  support channel handshake node
2021-09-22 09:45:58.006 [nioEventLoopGroup-2-1] INFO  org.fisco.bcos.sdk.channel.ChannelImp -  channel protocol handshake success, set socket channel protocol, host: 121.5.145.25:20200, channel protocol: ChannelProtocol [protocol=3, nodeVersion=2.7.2, EnumProtocol=VERSION_3]
2021-09-22 09:45:58.021 [main] INFO  org.fisco.bcos.sdk.channel.ChannelImp -  Connect to  nodes: 121.5.145.25:20200, java version: 1.8.0_301 ,java vendor: Oracle Corporation
2021-09-22 09:45:58.023 [main] INFO  org.fisco.bcos.sdk.BcosSDK - create BcosSDK, start channel success, cryptoType: 0
2021-09-22 09:45:58.028 [main] INFO  org.fisco.bcos.sdk.BcosSDK - create BcosSDK, start channel succ, channelProcessorThreadSize: 8, receiptProcessorThreadSize: 8
2021-09-22 09:45:58.035 [main] INFO  org.fisco.bcos.sdk.service.GroupManagerServiceImpl - registerBlockNumberNotifyHandler
2021-09-22 09:45:58.036 [main] INFO  org.fisco.bcos.sdk.service.GroupManagerServiceImpl - registerTransactionNotifyHandler
2021-09-22 09:45:58.128 [main] INFO  org.fisco.bcos.sdk.BcosSDK - create BcosSDK, create groupManagerService success
2021-09-22 09:45:58.821 [main] INFO  org.fisco.bcos.sdk.amop.AmopImp - update subscribe inform 1 peers
2021-09-22 09:45:58.829 [main] INFO  org.fisco.bcos.sdk.amop.AmopImp - amop module started
2021-09-22 09:45:58.830 [main] INFO  org.fisco.bcos.sdk.amop.AmopImp - update subscribe inform 1 peers
2021-09-22 09:45:58.830 [main] INFO  org.fisco.bcos.sdk.BcosSDK - create BcosSDK, create Amop success
2021-09-22 09:45:58.888 [main] INFO  org.fisco.bcos.sdk.crypto.CryptoSuite - init CryptoSuite, cryptoType: 0
2021-09-22 09:45:58.908 [main] INFO  org.fisco.bcos.sdk.client.Client - build client success for group 1
2021-09-22 09:45:58.908 [main] INFO  org.fisco.bcos.sdk.BcosSDK - create client for group 1 success
2021-09-22 09:45:58.920 [main] INFO  com.jiuyu.config.SdkBeanConfig - Chain connect successful. Current block number 10
2021-09-22 09:45:58.936 [main] INFO  com.jiuyu.config.SdkBeanConfig - is Gm:false, address:0xe321f14ebf24bf74ec74646bc9efaa9e89295599
2021-09-22 09:45:59.378 [main] INFO  o.s.scheduling.concurrent.ThreadPoolTaskExecutor - Initializing ExecutorService 'applicationTaskExecutor'
2021-09-22 09:45:59.930 [main] INFO  org.apache.coyote.http11.Http11NioProtocol - Starting ProtocolHandler ["http-nio-8080"]
2021-09-22 09:45:59.945 [main] INFO  o.s.boot.web.embedded.tomcat.TomcatWebServer - Tomcat started on port(s): 8080 (http) with context path ''
2021-09-22 09:45:59.961 [main] INFO  com.jiuyu.Application - Started Application in 51.745 seconds (JVM running for 57.441)
2021-09-22 09:46:18.583 [SpringContextShutdownHook] INFO  o.s.scheduling.concurrent.ThreadPoolTaskExecutor - Shutting down ExecutorService 'applicationTaskExecutor'
2021-09-22 10:29:14.589 [background-preinit] INFO  org.hibernate.validator.internal.util.Version - HV000001: Hibernate Validator 6.1.0.Final
2021-09-22 10:29:14.850 [background-preinit] WARN  o.s.h.converter.json.Jackson2ObjectMapperBuilder - For Jackson Kotlin classes support please add "com.fasterxml.jackson.module:jackson-module-kotlin" to the classpath
2021-09-22 10:29:19.637 [main] WARN  org.springframework.boot.StartupInfoLogger - InetAddress.getLocalHost().getHostName() took 5014 milliseconds to respond. Please verify your network configuration (macOS machines may need to add entries to /etc/hosts).
2021-09-22 10:29:24.703 [main] INFO  com.jiuyu.Application - Starting Application on MrchengdeMacBook-Pro.local with PID 5975 (/Users/mr.cheng/Desktop/marriage-demo/backend/marriage-demo/target/classes started by mr.cheng in /Users/mr.cheng/Desktop/marriage-demo/backend/marriage-demo)
2021-09-22 10:29:24.715 [main] INFO  com.jiuyu.Application - No active profile set, falling back to default profiles: default
2021-09-22 10:29:25.443 [main] INFO  o.s.d.r.config.RepositoryConfigurationDelegate - Multiple Spring Data modules found, entering strict repository configuration mode!
2021-09-22 10:29:25.446 [main] INFO  o.s.d.r.config.RepositoryConfigurationDelegate - Bootstrapping Spring Data Redis repositories in DEFAULT mode.
2021-09-22 10:29:25.479 [main] INFO  o.s.d.r.config.RepositoryConfigurationDelegate - Finished Spring Data repository scanning in 19ms. Found 0 Redis repository interfaces.
2021-09-22 10:29:26.363 [main] INFO  o.s.boot.web.embedded.tomcat.TomcatWebServer - Tomcat initialized with port(s): 8080 (http)
2021-09-22 10:29:26.375 [main] INFO  org.apache.coyote.http11.Http11NioProtocol - Initializing ProtocolHandler ["http-nio-8080"]
2021-09-22 10:29:26.376 [main] INFO  org.apache.catalina.core.StandardService - Starting service [Tomcat]
2021-09-22 10:29:26.376 [main] INFO  org.apache.catalina.core.StandardEngine - Starting Servlet engine: [Apache Tomcat/9.0.37]
2021-09-22 10:29:26.455 [main] INFO  o.a.c.core.ContainerBase.[Tomcat].[localhost].[/] - Initializing Spring embedded WebApplicationContext
2021-09-22 10:29:26.456 [main] INFO  o.s.b.w.s.c.ServletWebServerApplicationContext - Root WebApplicationContext: initialization completed in 1680 ms
2021-09-22 10:29:47.436 [main] INFO  org.fisco.bcos.sdk.network.ConnectionManager -  all connections, size: 1, list: [ConnectionInfo{host='121.5.145.25', port=20200}]
2021-09-22 10:29:47.465 [main] INFO  org.fisco.bcos.sdk.network.ConnectionManager -  build ECDSA ssl context with configured certificates 
2021-09-22 10:29:53.720 [nioEventLoopGroup-2-1] INFO  org.fisco.bcos.sdk.network.ChannelHandler -  handshake success, host: 121.5.145.25, port: 20200, ctx: 1462235767
2021-09-22 10:29:53.848 [nioEventLoopGroup-2-1] INFO  org.fisco.bcos.sdk.channel.ChannelImp -  node: ClientVersion{version='2.7.2', supportedVersion='2.7.2', chainId='1', buildTime='20210201 10:03:03', buildType='Linux/clang/Release', gitBranch='HEAD', gitCommitHash='4c8a5bbe44c19db8a002017ff9dbb16d3d28e9da'}, content: {"id":0,"jsonrpc":"2.0","result":{"Build Time":"20210201 10:03:03","Build Type":"Linux/clang/Release","Chain Id":"1","FISCO-BCOS Version":"2.7.2","Git Branch":"HEAD","Git Commit Hash":"4c8a5bbe44c19db8a002017ff9dbb16d3d28e9da","Supported Version":"2.7.2"}}

2021-09-22 10:29:53.849 [nioEventLoopGroup-2-1] INFO  org.fisco.bcos.sdk.channel.ChannelImp -  support channel handshake node
2021-09-22 10:29:53.890 [nioEventLoopGroup-2-1] INFO  org.fisco.bcos.sdk.channel.ChannelImp -  channel protocol handshake success, set socket channel protocol, host: 121.5.145.25:20200, channel protocol: ChannelProtocol [protocol=3, nodeVersion=2.7.2, EnumProtocol=VERSION_3]
2021-09-22 10:29:53.904 [main] INFO  org.fisco.bcos.sdk.channel.ChannelImp -  Connect to  nodes: 121.5.145.25:20200, java version: 1.8.0_301 ,java vendor: Oracle Corporation
2021-09-22 10:29:53.906 [main] INFO  org.fisco.bcos.sdk.BcosSDK - create BcosSDK, start channel success, cryptoType: 0
2021-09-22 10:29:53.913 [main] INFO  org.fisco.bcos.sdk.BcosSDK - create BcosSDK, start channel succ, channelProcessorThreadSize: 8, receiptProcessorThreadSize: 8
2021-09-22 10:29:53.920 [main] INFO  org.fisco.bcos.sdk.service.GroupManagerServiceImpl - registerBlockNumberNotifyHandler
2021-09-22 10:29:53.921 [main] INFO  org.fisco.bcos.sdk.service.GroupManagerServiceImpl - registerTransactionNotifyHandler
2021-09-22 10:29:54.100 [main] INFO  org.fisco.bcos.sdk.BcosSDK - create BcosSDK, create groupManagerService success
2021-09-22 10:29:55.158 [main] INFO  org.fisco.bcos.sdk.amop.AmopImp - update subscribe inform 1 peers
2021-09-22 10:29:55.166 [main] INFO  org.fisco.bcos.sdk.amop.AmopImp - amop module started
2021-09-22 10:29:55.167 [main] INFO  org.fisco.bcos.sdk.amop.AmopImp - update subscribe inform 1 peers
2021-09-22 10:29:55.168 [main] INFO  org.fisco.bcos.sdk.BcosSDK - create BcosSDK, create Amop success
2021-09-22 10:29:55.353 [main] INFO  org.fisco.bcos.sdk.crypto.CryptoSuite - init CryptoSuite, cryptoType: 0
2021-09-22 10:29:55.375 [main] INFO  org.fisco.bcos.sdk.client.Client - build client success for group 1
2021-09-22 10:29:55.375 [main] INFO  org.fisco.bcos.sdk.BcosSDK - create client for group 1 success
2021-09-22 10:29:55.453 [main] INFO  com.jiuyu.config.SdkBeanConfig - Chain connect successful. Current block number 10
2021-09-22 10:29:55.472 [main] INFO  com.jiuyu.config.SdkBeanConfig - is Gm:false, address:0xe321f14ebf24bf74ec74646bc9efaa9e89295599
2021-09-22 10:29:56.006 [main] INFO  o.s.scheduling.concurrent.ThreadPoolTaskExecutor - Initializing ExecutorService 'applicationTaskExecutor'
2021-09-22 10:29:56.580 [main] INFO  org.apache.coyote.http11.Http11NioProtocol - Starting ProtocolHandler ["http-nio-8080"]
2021-09-22 10:29:56.596 [main] INFO  o.s.boot.web.embedded.tomcat.TomcatWebServer - Tomcat started on port(s): 8080 (http) with context path ''
2021-09-22 10:29:56.612 [main] INFO  com.jiuyu.Application - Started Application in 52.724 seconds (JVM running for 58.721)
2021-09-22 10:35:37.843 [SpringContextShutdownHook] INFO  o.s.scheduling.concurrent.ThreadPoolTaskExecutor - Shutting down ExecutorService 'applicationTaskExecutor'
2021-09-22 10:38:00.668 [background-preinit] INFO  org.hibernate.validator.internal.util.Version - HV000001: Hibernate Validator 6.1.0.Final
2021-09-22 10:38:00.951 [background-preinit] WARN  o.s.h.converter.json.Jackson2ObjectMapperBuilder - For Jackson Kotlin classes support please add "com.fasterxml.jackson.module:jackson-module-kotlin" to the classpath
2021-09-22 10:38:05.708 [main] WARN  org.springframework.boot.StartupInfoLogger - InetAddress.getLocalHost().getHostName() took 5010 milliseconds to respond. Please verify your network configuration (macOS machines may need to add entries to /etc/hosts).
2021-09-22 10:38:10.763 [main] INFO  com.jiuyu.Application - Starting Application on MrchengdeMacBook-Pro.local with PID 6414 (/Users/mr.cheng/Desktop/marriage-demo/backend/marriage-demo/target/classes started by mr.cheng in /Users/mr.cheng/Desktop/marriage-demo/backend/marriage-demo)
2021-09-22 10:38:10.775 [main] INFO  com.jiuyu.Application - No active profile set, falling back to default profiles: default
2021-09-22 10:38:11.513 [main] INFO  o.s.d.r.config.RepositoryConfigurationDelegate - Multiple Spring Data modules found, entering strict repository configuration mode!
2021-09-22 10:38:11.516 [main] INFO  o.s.d.r.config.RepositoryConfigurationDelegate - Bootstrapping Spring Data Redis repositories in DEFAULT mode.
2021-09-22 10:38:11.554 [main] INFO  o.s.d.r.config.RepositoryConfigurationDelegate - Finished Spring Data repository scanning in 20ms. Found 0 Redis repository interfaces.
2021-09-22 10:38:12.423 [main] INFO  o.s.boot.web.embedded.tomcat.TomcatWebServer - Tomcat initialized with port(s): 8080 (http)
2021-09-22 10:38:12.447 [main] INFO  org.apache.coyote.http11.Http11NioProtocol - Initializing ProtocolHandler ["http-nio-8080"]
2021-09-22 10:38:12.448 [main] INFO  org.apache.catalina.core.StandardService - Starting service [Tomcat]
2021-09-22 10:38:12.448 [main] INFO  org.apache.catalina.core.StandardEngine - Starting Servlet engine: [Apache Tomcat/9.0.37]
2021-09-22 10:38:12.529 [main] INFO  o.a.c.core.ContainerBase.[Tomcat].[localhost].[/] - Initializing Spring embedded WebApplicationContext
2021-09-22 10:38:12.530 [main] INFO  o.s.b.w.s.c.ServletWebServerApplicationContext - Root WebApplicationContext: initialization completed in 1697 ms
2021-09-22 10:38:33.546 [main] INFO  org.fisco.bcos.sdk.network.ConnectionManager -  all connections, size: 1, list: [ConnectionInfo{host='121.5.145.25', port=20200}]
2021-09-22 10:38:33.584 [main] INFO  org.fisco.bcos.sdk.network.ConnectionManager -  build ECDSA ssl context with configured certificates 
2021-09-22 10:38:40.089 [nioEventLoopGroup-2-1] INFO  org.fisco.bcos.sdk.network.ChannelHandler -  handshake success, host: 121.5.145.25, port: 20200, ctx: 1081876315
2021-09-22 10:38:40.232 [nioEventLoopGroup-2-1] INFO  org.fisco.bcos.sdk.channel.ChannelImp -  node: ClientVersion{version='2.7.2', supportedVersion='2.7.2', chainId='1', buildTime='20210201 10:03:03', buildType='Linux/clang/Release', gitBranch='HEAD', gitCommitHash='4c8a5bbe44c19db8a002017ff9dbb16d3d28e9da'}, content: {"id":0,"jsonrpc":"2.0","result":{"Build Time":"20210201 10:03:03","Build Type":"Linux/clang/Release","Chain Id":"1","FISCO-BCOS Version":"2.7.2","Git Branch":"HEAD","Git Commit Hash":"4c8a5bbe44c19db8a002017ff9dbb16d3d28e9da","Supported Version":"2.7.2"}}

2021-09-22 10:38:40.234 [nioEventLoopGroup-2-1] INFO  org.fisco.bcos.sdk.channel.ChannelImp -  support channel handshake node
2021-09-22 10:38:40.342 [nioEventLoopGroup-2-1] INFO  org.fisco.bcos.sdk.channel.ChannelImp -  channel protocol handshake success, set socket channel protocol, host: 121.5.145.25:20200, channel protocol: ChannelProtocol [protocol=3, nodeVersion=2.7.2, EnumProtocol=VERSION_3]
2021-09-22 10:38:40.374 [main] INFO  org.fisco.bcos.sdk.channel.ChannelImp -  Connect to  nodes: 121.5.145.25:20200, java version: 1.8.0_301 ,java vendor: Oracle Corporation
2021-09-22 10:38:40.376 [main] INFO  org.fisco.bcos.sdk.BcosSDK - create BcosSDK, start channel success, cryptoType: 0
2021-09-22 10:38:40.386 [main] INFO  org.fisco.bcos.sdk.BcosSDK - create BcosSDK, start channel succ, channelProcessorThreadSize: 8, receiptProcessorThreadSize: 8
2021-09-22 10:38:40.398 [main] INFO  org.fisco.bcos.sdk.service.GroupManagerServiceImpl - registerBlockNumberNotifyHandler
2021-09-22 10:38:40.399 [main] INFO  org.fisco.bcos.sdk.service.GroupManagerServiceImpl - registerTransactionNotifyHandler
2021-09-22 10:38:40.690 [main] INFO  org.fisco.bcos.sdk.BcosSDK - create BcosSDK, create groupManagerService success
2021-09-22 10:38:41.544 [main] INFO  org.fisco.bcos.sdk.amop.AmopImp - update subscribe inform 1 peers
2021-09-22 10:38:41.552 [main] INFO  org.fisco.bcos.sdk.amop.AmopImp - amop module started
2021-09-22 10:38:41.552 [main] INFO  org.fisco.bcos.sdk.amop.AmopImp - update subscribe inform 1 peers
2021-09-22 10:38:41.552 [main] INFO  org.fisco.bcos.sdk.BcosSDK - create BcosSDK, create Amop success
2021-09-22 10:38:41.714 [main] INFO  org.fisco.bcos.sdk.crypto.CryptoSuite - init CryptoSuite, cryptoType: 0
2021-09-22 10:38:41.732 [main] INFO  org.fisco.bcos.sdk.client.Client - build client success for group 1
2021-09-22 10:38:41.733 [main] INFO  org.fisco.bcos.sdk.BcosSDK - create client for group 1 success
2021-09-22 10:38:41.990 [main] INFO  com.jiuyu.config.SdkBeanConfig - Chain connect successful. Current block number 10
2021-09-22 10:38:42.042 [main] INFO  com.jiuyu.config.SdkBeanConfig - is Gm:false, address:0xe321f14ebf24bf74ec74646bc9efaa9e89295599
2021-09-22 10:38:42.546 [main] INFO  o.s.scheduling.concurrent.ThreadPoolTaskExecutor - Initializing ExecutorService 'applicationTaskExecutor'
2021-09-22 10:38:43.153 [main] INFO  org.apache.coyote.http11.Http11NioProtocol - Starting ProtocolHandler ["http-nio-8080"]
2021-09-22 10:38:43.167 [main] INFO  o.s.boot.web.embedded.tomcat.TomcatWebServer - Tomcat started on port(s): 8080 (http) with context path ''
2021-09-22 10:38:43.178 [main] INFO  com.jiuyu.Application - Started Application in 53.179 seconds (JVM running for 58.807)
2021-09-22 10:38:55.458 [SpringContextShutdownHook] INFO  o.s.scheduling.concurrent.ThreadPoolTaskExecutor - Shutting down ExecutorService 'applicationTaskExecutor'
2021-09-22 10:52:25.883 [background-preinit] INFO  org.hibernate.validator.internal.util.Version - HV000001: Hibernate Validator 6.1.0.Final
2021-09-22 10:52:26.165 [background-preinit] WARN  o.s.h.converter.json.Jackson2ObjectMapperBuilder - For Jackson Kotlin classes support please add "com.fasterxml.jackson.module:jackson-module-kotlin" to the classpath
2021-09-22 10:52:30.941 [main] WARN  org.springframework.boot.StartupInfoLogger - InetAddress.getLocalHost().getHostName() took 5017 milliseconds to respond. Please verify your network configuration (macOS machines may need to add entries to /etc/hosts).
2021-09-22 10:52:35.989 [main] INFO  com.jiuyu.Application - Starting Application on MrchengdeMacBook-Pro.local with PID 7121 (/Users/mr.cheng/Desktop/marriage-demo/backend/marriage-demo/target/classes started by mr.cheng in /Users/mr.cheng/Desktop/marriage-demo/backend/marriage-demo)
2021-09-22 10:52:35.998 [main] INFO  com.jiuyu.Application - No active profile set, falling back to default profiles: default
2021-09-22 10:52:36.735 [main] INFO  o.s.d.r.config.RepositoryConfigurationDelegate - Multiple Spring Data modules found, entering strict repository configuration mode!
2021-09-22 10:52:36.738 [main] INFO  o.s.d.r.config.RepositoryConfigurationDelegate - Bootstrapping Spring Data Redis repositories in DEFAULT mode.
2021-09-22 10:52:36.778 [main] INFO  o.s.d.r.config.RepositoryConfigurationDelegate - Finished Spring Data repository scanning in 22ms. Found 0 Redis repository interfaces.
2021-09-22 10:52:37.597 [main] INFO  o.s.boot.web.embedded.tomcat.TomcatWebServer - Tomcat initialized with port(s): 8080 (http)
2021-09-22 10:52:37.664 [main] INFO  org.apache.coyote.http11.Http11NioProtocol - Initializing ProtocolHandler ["http-nio-8080"]
2021-09-22 10:52:37.666 [main] INFO  org.apache.catalina.core.StandardService - Starting service [Tomcat]
2021-09-22 10:52:37.667 [main] INFO  org.apache.catalina.core.StandardEngine - Starting Servlet engine: [Apache Tomcat/9.0.37]
2021-09-22 10:52:37.751 [main] INFO  o.a.c.core.ContainerBase.[Tomcat].[localhost].[/] - Initializing Spring embedded WebApplicationContext
2021-09-22 10:52:37.752 [main] INFO  o.s.b.w.s.c.ServletWebServerApplicationContext - Root WebApplicationContext: initialization completed in 1695 ms
2021-09-22 10:52:58.759 [main] INFO  org.fisco.bcos.sdk.network.ConnectionManager -  all connections, size: 1, list: [ConnectionInfo{host='121.5.145.25', port=20200}]
2021-09-22 10:52:58.790 [main] INFO  org.fisco.bcos.sdk.network.ConnectionManager -  build ECDSA ssl context with configured certificates 
2021-09-22 10:53:07.709 [nioEventLoopGroup-2-1] INFO  org.fisco.bcos.sdk.network.ChannelHandler -  handshake success, host: 121.5.145.25, port: 20200, ctx: 1958925740
2021-09-22 10:53:08.321 [nioEventLoopGroup-2-1] INFO  org.fisco.bcos.sdk.channel.ChannelImp -  node: ClientVersion{version='2.7.2', supportedVersion='2.7.2', chainId='1', buildTime='20210201 10:03:03', buildType='Linux/clang/Release', gitBranch='HEAD', gitCommitHash='4c8a5bbe44c19db8a002017ff9dbb16d3d28e9da'}, content: {"id":0,"jsonrpc":"2.0","result":{"Build Time":"20210201 10:03:03","Build Type":"Linux/clang/Release","Chain Id":"1","FISCO-BCOS Version":"2.7.2","Git Branch":"HEAD","Git Commit Hash":"4c8a5bbe44c19db8a002017ff9dbb16d3d28e9da","Supported Version":"2.7.2"}}

2021-09-22 10:53:08.325 [nioEventLoopGroup-2-1] INFO  org.fisco.bcos.sdk.channel.ChannelImp -  support channel handshake node
2021-09-22 10:53:08.335 [nioEventLoopGroup-2-1] INFO  org.fisco.bcos.sdk.channel.ChannelImp -  channel protocol handshake success, set socket channel protocol, host: 121.5.145.25:20200, channel protocol: ChannelProtocol [protocol=3, nodeVersion=2.7.2, EnumProtocol=VERSION_3]
2021-09-22 10:53:08.371 [main] INFO  org.fisco.bcos.sdk.channel.ChannelImp -  Connect to  nodes: 121.5.145.25:20200, java version: 1.8.0_301 ,java vendor: Oracle Corporation
2021-09-22 10:53:08.376 [main] INFO  org.fisco.bcos.sdk.BcosSDK - create BcosSDK, start channel success, cryptoType: 0
2021-09-22 10:53:08.385 [main] INFO  org.fisco.bcos.sdk.BcosSDK - create BcosSDK, start channel succ, channelProcessorThreadSize: 8, receiptProcessorThreadSize: 8
2021-09-22 10:53:08.393 [main] INFO  org.fisco.bcos.sdk.service.GroupManagerServiceImpl - registerBlockNumberNotifyHandler
2021-09-22 10:53:08.393 [main] INFO  org.fisco.bcos.sdk.service.GroupManagerServiceImpl - registerTransactionNotifyHandler
2021-09-22 10:53:08.456 [main] INFO  org.fisco.bcos.sdk.BcosSDK - create BcosSDK, create groupManagerService success
2021-09-22 10:53:09.385 [main] INFO  org.fisco.bcos.sdk.amop.AmopImp - update subscribe inform 1 peers
2021-09-22 10:53:09.395 [main] INFO  org.fisco.bcos.sdk.amop.AmopImp - amop module started
2021-09-22 10:53:09.396 [main] INFO  org.fisco.bcos.sdk.amop.AmopImp - update subscribe inform 1 peers
2021-09-22 10:53:09.396 [main] INFO  org.fisco.bcos.sdk.BcosSDK - create BcosSDK, create Amop success
2021-09-22 10:53:09.459 [main] INFO  org.fisco.bcos.sdk.crypto.CryptoSuite - init CryptoSuite, cryptoType: 0
2021-09-22 10:53:09.477 [main] INFO  org.fisco.bcos.sdk.client.Client - build client success for group 1
2021-09-22 10:53:09.478 [main] INFO  org.fisco.bcos.sdk.BcosSDK - create client for group 1 success
2021-09-22 10:53:09.491 [main] INFO  com.jiuyu.config.SdkBeanConfig - Chain connect successful. Current block number 10
2021-09-22 10:53:09.505 [main] INFO  com.jiuyu.config.SdkBeanConfig - is Gm:false, address:0xe321f14ebf24bf74ec74646bc9efaa9e89295599
2021-09-22 10:53:09.998 [main] INFO  o.s.scheduling.concurrent.ThreadPoolTaskExecutor - Initializing ExecutorService 'applicationTaskExecutor'
2021-09-22 10:53:10.535 [main] INFO  org.apache.coyote.http11.Http11NioProtocol - Starting ProtocolHandler ["http-nio-8080"]
2021-09-22 10:53:10.548 [main] INFO  o.s.boot.web.embedded.tomcat.TomcatWebServer - Tomcat started on port(s): 8080 (http) with context path ''
2021-09-22 10:53:10.560 [main] INFO  com.jiuyu.Application - Started Application in 55.366 seconds (JVM running for 61.485)
2021-09-22 10:53:30.627 [SpringContextShutdownHook] INFO  o.s.scheduling.concurrent.ThreadPoolTaskExecutor - Shutting down ExecutorService 'applicationTaskExecutor'
2021-09-22 11:02:40.444 [background-preinit] INFO  org.hibernate.validator.internal.util.Version - HV000001: Hibernate Validator 6.1.0.Final
2021-09-22 11:02:40.723 [background-preinit] WARN  o.s.h.converter.json.Jackson2ObjectMapperBuilder - For Jackson Kotlin classes support please add "com.fasterxml.jackson.module:jackson-module-kotlin" to the classpath
2021-09-22 11:02:45.504 [main] WARN  org.springframework.boot.StartupInfoLogger - InetAddress.getLocalHost().getHostName() took 5013 milliseconds to respond. Please verify your network configuration (macOS machines may need to add entries to /etc/hosts).
2021-09-22 11:02:50.535 [main] INFO  com.jiuyu.Application - Starting Application on MrchengdeMacBook-Pro.local with PID 7593 (/Users/mr.cheng/Desktop/marriage-demo/backend/marriage-demo/target/classes started by mr.cheng in /Users/mr.cheng/Desktop/marriage-demo/backend/marriage-demo)
2021-09-22 11:02:50.540 [main] INFO  com.jiuyu.Application - No active profile set, falling back to default profiles: default
2021-09-22 11:02:51.300 [main] INFO  o.s.d.r.config.RepositoryConfigurationDelegate - Multiple Spring Data modules found, entering strict repository configuration mode!
2021-09-22 11:02:51.303 [main] INFO  o.s.d.r.config.RepositoryConfigurationDelegate - Bootstrapping Spring Data Redis repositories in DEFAULT mode.
2021-09-22 11:02:51.342 [main] INFO  o.s.d.r.config.RepositoryConfigurationDelegate - Finished Spring Data repository scanning in 21ms. Found 0 Redis repository interfaces.
2021-09-22 11:02:52.232 [main] INFO  o.s.boot.web.embedded.tomcat.TomcatWebServer - Tomcat initialized with port(s): 8080 (http)
2021-09-22 11:02:52.241 [main] INFO  org.apache.coyote.http11.Http11NioProtocol - Initializing ProtocolHandler ["http-nio-8080"]
2021-09-22 11:02:52.242 [main] INFO  org.apache.catalina.core.StandardService - Starting service [Tomcat]
2021-09-22 11:02:52.242 [main] INFO  org.apache.catalina.core.StandardEngine - Starting Servlet engine: [Apache Tomcat/9.0.37]
2021-09-22 11:02:52.386 [main] INFO  o.a.c.core.ContainerBase.[Tomcat].[localhost].[/] - Initializing Spring embedded WebApplicationContext
2021-09-22 11:02:52.387 [main] INFO  o.s.b.w.s.c.ServletWebServerApplicationContext - Root WebApplicationContext: initialization completed in 1800 ms
2021-09-22 11:03:13.345 [main] INFO  org.fisco.bcos.sdk.network.ConnectionManager -  all connections, size: 1, list: [ConnectionInfo{host='121.5.145.25', port=20200}]
2021-09-22 11:03:13.349 [main] WARN  org.fisco.bcos.sdk.network.NetworkImp - Try to connect node with ECDSA sslContext failed, expected certPath: CryptoMaterialConfig{certPath='conf', caCertPath='conf/ca.crt', sdkCertPath='conf/sdk.crt', sdkPrivateKeyPath='conf/sdk.key', enSSLCertPath='null', enSSLPrivateKeyPath='null', sslCryptoType=0}, currentPath: /Users/mr.cheng/Desktop/marriage-demo/backend/marriage-demo
2021-09-22 11:03:13.425 [main] ERROR org.fisco.bcos.sdk.channel.ChannelImp - init channel network error, Not providing all the certificates to connect to the node! Please provide the certificates to connect with the block-chain, expected certPath: [CryptoMaterialConfig{certPath='conf', caCertPath='conf/gm/gmca.crt', sdkCertPath='conf/gm/gmsdk.crt', sdkPrivateKeyPath='conf/gm/gmsdk.key', enSSLCertPath='conf/gm/gmensdk.crt', enSSLPrivateKeyPath='conf/gm/gmensdk.key', sslCryptoType=1}]
[System Information]:
[Java Version] : 1.8.0_301
[OS Name] : Mac OS X
[OS Arch] : x86_64
[OS Version] : 10.16
[Vendor Name] : Oracle Corporation
[Vendor URL] : http://java.oracle.com/
[JVM Version] : 25.301-b09
[JVM Name] : Java HotSpot(TM) 64-Bit Server VM
[JVM Vendor] : Oracle Corporation
[JAVA Library Path] : /Users/mr.cheng/Library/Java/Extensions:/Library/Java/Extensions:/Network/Library/Java/Extensions:/System/Library/Java/Extensions:/usr/lib/java:.
[JDK Disabled NamedCurves] : null
[JDK DisableNative Option] : null
[Support secp256k1] : true
[Support secp256r1] : true
 
2021-09-22 11:03:13.428 [main] WARN  org.fisco.bcos.sdk.channel.ChannelImp - The channel has already been stopped!
2021-09-22 11:03:13.430 [main] ERROR com.jiuyu.config.SdkBeanConfig - create BcosSDK failed, error info: init channel network error: Not providing all the certificates to connect to the node! Please provide the certificates to connect with the block-chain, expected certPath: [CryptoMaterialConfig{certPath='conf', caCertPath='conf/gm/gmca.crt', sdkCertPath='conf/gm/gmsdk.crt', sdkPrivateKeyPath='conf/gm/gmsdk.key', enSSLCertPath='conf/gm/gmensdk.crt', enSSLPrivateKeyPath='conf/gm/gmensdk.key', sslCryptoType=1}]
[System Information]:
[Java Version] : 1.8.0_301
[OS Name] : Mac OS X
[OS Arch] : x86_64
[OS Version] : 10.16
[Vendor Name] : Oracle Corporation
[Vendor URL] : http://java.oracle.com/
[JVM Version] : 25.301-b09
[JVM Name] : Java HotSpot(TM) 64-Bit Server VM
[JVM Vendor] : Oracle Corporation
[JAVA Library Path] : /Users/mr.cheng/Library/Java/Extensions:/Library/Java/Extensions:/Network/Library/Java/Extensions:/System/Library/Java/Extensions:/usr/lib/java:.
[JDK Disabled NamedCurves] : null
[JDK DisableNative Option] : null
[Support secp256k1] : true
[Support secp256r1] : true

2021-09-22 11:03:13.432 [main] INFO  org.fisco.bcos.sdk.network.ConnectionManager -  all connections, size: 1, list: [ConnectionInfo{host='121.5.145.25', port=20200}]
2021-09-22 11:03:13.481 [main] INFO  org.fisco.bcos.sdk.network.ConnectionManager -  build ECDSA ssl context with configured certificates 
2021-09-22 11:03:19.303 [nioEventLoopGroup-2-1] INFO  org.fisco.bcos.sdk.network.ChannelHandler -  handshake success, host: 121.5.145.25, port: 20200, ctx: 1998493801
2021-09-22 11:03:19.386 [nioEventLoopGroup-2-1] INFO  org.fisco.bcos.sdk.channel.ChannelImp -  node: ClientVersion{version='2.7.2', supportedVersion='2.7.2', chainId='1', buildTime='20210201 10:03:03', buildType='Linux/clang/Release', gitBranch='HEAD', gitCommitHash='4c8a5bbe44c19db8a002017ff9dbb16d3d28e9da'}, content: {"id":0,"jsonrpc":"2.0","result":{"Build Time":"20210201 10:03:03","Build Type":"Linux/clang/Release","Chain Id":"1","FISCO-BCOS Version":"2.7.2","Git Branch":"HEAD","Git Commit Hash":"4c8a5bbe44c19db8a002017ff9dbb16d3d28e9da","Supported Version":"2.7.2"}}

2021-09-22 11:03:19.388 [nioEventLoopGroup-2-1] INFO  org.fisco.bcos.sdk.channel.ChannelImp -  support channel handshake node
2021-09-22 11:03:19.398 [nioEventLoopGroup-2-1] INFO  org.fisco.bcos.sdk.channel.ChannelImp -  channel protocol handshake success, set socket channel protocol, host: 121.5.145.25:20200, channel protocol: ChannelProtocol [protocol=3, nodeVersion=2.7.2, EnumProtocol=VERSION_3]
2021-09-22 11:03:19.411 [main] INFO  org.fisco.bcos.sdk.channel.ChannelImp -  Connect to  nodes: 121.5.145.25:20200, java version: 1.8.0_301 ,java vendor: Oracle Corporation
2021-09-22 11:03:19.413 [main] INFO  org.fisco.bcos.sdk.BcosSDK - create BcosSDK, start channel success, cryptoType: 0
2021-09-22 11:03:19.418 [main] INFO  org.fisco.bcos.sdk.BcosSDK - create BcosSDK, start channel succ, channelProcessorThreadSize: 8, receiptProcessorThreadSize: 8
2021-09-22 11:03:19.425 [main] INFO  org.fisco.bcos.sdk.service.GroupManagerServiceImpl - registerBlockNumberNotifyHandler
2021-09-22 11:03:19.426 [main] INFO  org.fisco.bcos.sdk.service.GroupManagerServiceImpl - registerTransactionNotifyHandler
2021-09-22 11:03:19.490 [main] INFO  org.fisco.bcos.sdk.BcosSDK - create BcosSDK, create groupManagerService success
2021-09-22 11:03:20.435 [main] INFO  org.fisco.bcos.sdk.amop.AmopImp - update subscribe inform 1 peers
2021-09-22 11:03:20.445 [main] INFO  org.fisco.bcos.sdk.amop.AmopImp - amop module started
2021-09-22 11:03:20.447 [main] INFO  org.fisco.bcos.sdk.amop.AmopImp - update subscribe inform 1 peers
2021-09-22 11:03:20.447 [main] INFO  org.fisco.bcos.sdk.BcosSDK - create BcosSDK, create Amop success
2021-09-22 11:03:20.508 [main] INFO  org.fisco.bcos.sdk.crypto.CryptoSuite - init CryptoSuite, cryptoType: 0
2021-09-22 11:03:20.530 [main] INFO  org.fisco.bcos.sdk.client.Client - build client success for group 1
2021-09-22 11:03:20.531 [main] INFO  org.fisco.bcos.sdk.BcosSDK - create client for group 1 success
2021-09-22 11:03:20.554 [main] INFO  com.jiuyu.config.SdkBeanConfig - Chain connect successful. Current block number 10
2021-09-22 11:03:20.569 [main] INFO  com.jiuyu.config.SdkBeanConfig - is Gm:false, address:0xe321f14ebf24bf74ec74646bc9efaa9e89295599
2021-09-22 11:03:21.061 [main] INFO  o.s.scheduling.concurrent.ThreadPoolTaskExecutor - Initializing ExecutorService 'applicationTaskExecutor'
2021-09-22 11:03:21.649 [main] INFO  org.apache.coyote.http11.Http11NioProtocol - Starting ProtocolHandler ["http-nio-8080"]
2021-09-22 11:03:21.663 [main] INFO  o.s.boot.web.embedded.tomcat.TomcatWebServer - Tomcat started on port(s): 8080 (http) with context path ''
2021-09-22 11:03:21.674 [main] INFO  com.jiuyu.Application - Started Application in 51.916 seconds (JVM running for 57.682)
2021-09-22 11:04:18.393 [http-nio-8080-exec-1] INFO  o.a.c.core.ContainerBase.[Tomcat].[localhost].[/] - Initializing Spring DispatcherServlet 'dispatcherServlet'
2021-09-22 11:04:18.397 [http-nio-8080-exec-1] INFO  org.springframework.web.servlet.DispatcherServlet - Initializing Servlet 'dispatcherServlet'
2021-09-22 11:04:18.436 [http-nio-8080-exec-1] INFO  org.springframework.web.servlet.DispatcherServlet - Completed initialization in 39 ms
2021-09-22 11:04:18.494 [http-nio-8080-exec-1] INFO  com.jiuyu.controller.MarriageEvidenceController - method:queryMarriageDetail,req:92a5d527373e426691b2354563df0407
2021-09-22 11:04:18.554 [http-nio-8080-exec-1] INFO  com.zaxxer.hikari.HikariDataSource - DateSourceHikariCP - Starting...
2021-09-22 11:04:20.619 [http-nio-8080-exec-1] INFO  com.zaxxer.hikari.HikariDataSource - DateSourceHikariCP - Start completed.
2021-09-22 11:04:20.633 [http-nio-8080-exec-1] DEBUG com.jiuyu.dao.MarriageInfoDao.selectById - ==>  Preparing: SELECT certificate_number,male_username,male_user_id,male_sign_user_id,male_public_address,female_username,female_user_id,female_sign_user_id,female_public_address,witness_username,witness_user_id,witness_sign_user_id,witness_public_address,cert_status,insert_time,update_time,marriage_desc FROM tbl_marriage_info WHERE certificate_number=?
2021-09-22 11:04:20.647 [http-nio-8080-exec-1] DEBUG com.jiuyu.dao.MarriageInfoDao.selectById - ==> Parameters: 92a5d527373e426691b2354563df0407(String)
2021-09-22 11:04:20.671 [http-nio-8080-exec-1] DEBUG com.jiuyu.dao.MarriageInfoDao.selectById - <==      Total: 1
2021-09-22 11:04:20.687 [http-nio-8080-exec-1] DEBUG com.jiuyu.dao.UserInfoDao.selectById - ==>  Preparing: SELECT id,username,sign_user_id,public_address,private_key,family_address,id_card,age,sex,insert_time,update_time,marriage_status FROM tbl_user_info WHERE id=?
2021-09-22 11:04:20.688 [http-nio-8080-exec-1] DEBUG com.jiuyu.dao.UserInfoDao.selectById - ==> Parameters: 22(Long)
2021-09-22 11:04:20.698 [http-nio-8080-exec-1] DEBUG com.jiuyu.dao.UserInfoDao.selectById - <==      Total: 1
2021-09-22 11:04:20.700 [http-nio-8080-exec-1] DEBUG com.jiuyu.dao.UserInfoDao.selectById - ==>  Preparing: SELECT id,username,sign_user_id,public_address,private_key,family_address,id_card,age,sex,insert_time,update_time,marriage_status FROM tbl_user_info WHERE id=?
2021-09-22 11:04:20.700 [http-nio-8080-exec-1] DEBUG com.jiuyu.dao.UserInfoDao.selectById - ==> Parameters: 23(Long)
2021-09-22 11:04:20.707 [http-nio-8080-exec-1] DEBUG com.jiuyu.dao.UserInfoDao.selectById - <==      Total: 1
2021-09-22 11:04:20.708 [http-nio-8080-exec-1] DEBUG com.jiuyu.dao.UserInfoDao.selectById - ==>  Preparing: SELECT id,username,sign_user_id,public_address,private_key,family_address,id_card,age,sex,insert_time,update_time,marriage_status FROM tbl_user_info WHERE id=?
2021-09-22 11:04:20.708 [http-nio-8080-exec-1] DEBUG com.jiuyu.dao.UserInfoDao.selectById - ==> Parameters: 24(Long)
2021-09-22 11:04:20.715 [http-nio-8080-exec-1] DEBUG com.jiuyu.dao.UserInfoDao.selectById - <==      Total: 1
2021-09-22 11:04:20.750 [http-nio-8080-exec-1] INFO  com.jiuyu.controller.MarriageEvidenceController - method:queryMarriageDetail,res:{"msg":"success","code":0,"data":{"certStatus":"confirmed","maleSignStatus":"","maleUsername":"0918","updateTime":1631950269000,"witnessUsername":"0918","witnessSignStatus":"","femaleSignStatus":"","certificateNumber":"92a5d527373e426691b2354563df0407","femaleUsername":"0918","marriageDesc":"091809182021-09-18 14:57:49!0918"}}
2021-09-22 11:04:28.596 [SpringContextShutdownHook] INFO  o.s.scheduling.concurrent.ThreadPoolTaskExecutor - Shutting down ExecutorService 'applicationTaskExecutor'
2021-09-22 11:04:28.602 [SpringContextShutdownHook] INFO  com.zaxxer.hikari.HikariDataSource - DateSourceHikariCP - Shutdown initiated...
2021-09-22 11:04:28.620 [SpringContextShutdownHook] INFO  com.zaxxer.hikari.HikariDataSource - DateSourceHikariCP - Shutdown completed.
